<?xml version="1.0" encoding="UTF-8"?>
<!-- Generated by org.testng.reporters.JUnitReportReporter -->
<testsuite skipped="0" hostname="LAPTOP-48NLNINU" name="CheckboxDemo" tests="1" failures="0" timestamp="30 May 2020 13:12:03 GMT" time="22.329" errors="0">
  <testcase name="test" time="22.329" classname="CheckboxDemo"/>
</testsuite> <!-- CheckboxDemo -->
