<?xml version="1.0" encoding="UTF-8"?>
<!-- Generated by org.testng.reporters.JUnitReportReporter -->
<testsuite skipped="0" hostname="LAPTOP-48NLNINU" name="CollectionDemo" tests="1" failures="0" timestamp="29 Jun 2020 06:41:38 GMT" time="0.016" errors="0">
  <testcase name="demo" time="0.016" classname="CollectionDemo"/>
</testsuite> <!-- CollectionDemo -->
