<?xml version="1.0" encoding="UTF-8"?>
<!-- Generated by org.testng.reporters.JUnitReportReporter -->
<testsuite skipped="0" hostname="LAPTOP-48NLNINU" name="Spinner" tests="1" failures="0" timestamp="09 Jun 2020 11:48:31 GMT" time="16.343" errors="0">
  <testcase name="test" time="16.343" classname="Spinner"/>
</testsuite> <!-- Spinner -->
