<?xml version="1.0" encoding="UTF-8"?>
<!-- Generated by org.testng.reporters.JUnitReportReporter -->
<testsuite skipped="0" hostname="LAPTOP-48NLNINU" name="MultipleWinows" tests="1" failures="0" timestamp="09 Jun 2020 20:23:11 GMT" time="22.017" errors="0">
  <testcase name="test" time="22.017" classname="MultipleWinows"/>
</testsuite> <!-- MultipleWinows -->
