<?xml version="1.0" encoding="UTF-8"?>
<!-- Generated by org.testng.reporters.JUnitReportReporter -->
<testsuite skipped="0" hostname="LAPTOP-48NLNINU" name="CheckboxDemo" tests="1" failures="0" timestamp="04 Jun 2020 09:13:06 GMT" time="112.206" errors="0">
  <testcase name="test" time="112.206" classname="CheckboxDemo"/>
</testsuite> <!-- CheckboxDemo -->
