<?xml version="1.0" encoding="UTF-8"?>
<!-- Generated by org.testng.reporters.JUnitReportReporter -->
<testsuite skipped="0" hostname="LAPTOP-48NLNINU" name="NestedFrames" tests="1" failures="0" timestamp="11 Jun 2020 09:14:13 GMT" time="14.950" errors="0">
  <testcase name="test" time="14.950" classname="NestedFrames"/>
</testsuite> <!-- NestedFrames -->
