<?xml version="1.0" encoding="UTF-8"?>
<!-- Generated by org.testng.reporters.JUnitReportReporter -->
<testsuite skipped="0" hostname="LAPTOP-48NLNINU" name="Windows_AutoIT_Demo" tests="1" failures="0" timestamp="27 Jun 2020 20:53:48 GMT" time="24.145" errors="0">
  <testcase name="demo" time="24.145" classname="Windows_AutoIT_Demo"/>
</testsuite> <!-- Windows_AutoIT_Demo -->
