<?xml version="1.0" encoding="UTF-8"?>
<!-- Generated by org.testng.reporters.JUnitReportReporter -->
<testsuite skipped="0" hostname="LAPTOP-48NLNINU" name="RedBusCalendar" tests="1" failures="0" timestamp="12 Jun 2020 16:58:34 GMT" time="18.975" errors="0">
  <testcase name="test" time="18.975" classname="RedBusCalendar"/>
</testsuite> <!-- RedBusCalendar -->
