<?xml version="1.0" encoding="UTF-8"?>
<!-- Generated by org.testng.reporters.JUnitReportReporter -->
<testsuite skipped="0" hostname="LAPTOP-48NLNINU" name="PracticeL95" tests="1" failures="0" timestamp="11 Jun 2020 19:59:05 GMT" time="21.067" errors="0">
  <testcase name="test" time="21.067" classname="PracticeL95"/>
</testsuite> <!-- PracticeL95 -->
