<?xml version="1.0" encoding="UTF-8"?>
<!-- Generated by org.testng.reporters.JUnitReportReporter -->
<testsuite skipped="0" hostname="LAPTOP-48NLNINU" name="Iframe" tests="1" failures="0" timestamp="11 Jun 2020 06:03:58 GMT" time="16.342" errors="0">
  <testcase name="test" time="16.342" classname="Iframe"/>
</testsuite> <!-- Iframe -->
