<?xml version="1.0" encoding="UTF-8"?>
<!-- Generated by org.testng.reporters.JUnitReportReporter -->
<testsuite skipped="0" hostname="LAPTOP-48NLNINU" name="GreenMart" tests="1" failures="0" timestamp="09 Jun 2020 11:20:28 GMT" time="31.172" errors="0">
  <testcase name="test" time="31.172" classname="GreenMart"/>
</testsuite> <!-- GreenMart -->
