<?xml version="1.0" encoding="UTF-8"?>
<!-- Generated by org.testng.reporters.JUnitReportReporter -->
<testsuite skipped="0" hostname="LAPTOP-48NLNINU" name="ParentClass" tests="1" failures="0" timestamp="06 Jul 2020 15:55:41 GMT" time="20.548" errors="0">
  <testcase name="test" time="20.548" classname="ParentClass"/>
</testsuite> <!-- ParentClass -->
